============================= test session starts ==============================
platform linux -- Python 3.10.8, pytest-7.2.1, pluggy-1.0.0
rootdir: /home/runner/InCollege-Software-App
collected 1 item

Tests/testrunner_search_someone.py F                                     [100%]

=================================== FAILURES ===================================
_________________________________ test_network _________________________________

capsys = <_pytest.capture.CaptureFixture object at 0x7f289c2e1450>
monkeypatch = <_pytest.monkeypatch.MonkeyPatch object at 0x7f289c2e1570>

    def test_network(capsys, monkeypatch):
      input = StringIO("\n")
      monkeypatch.setattr('sys.stdin', input)
>     assert college.network() == None

Tests/testrunner_search_someone.py:11: 
_ _ _ _ _ _ _ _ _ _ _ _ _ _ _ _ _ _ _ _ _ _ _ _ _ _ _ _ _ _ _ _ _ _ _ _ _ _ _ _ 

self = <App.InCollege object at 0x7f289c2e0760>

    def network(self):
      first_name = input("First Name: ").capitalize()
>     last_name = input("Last Name: ").capitalize()
E     EOFError: EOF when reading a line

App.py:154: EOFError
----------------------------- Captured stdout call -----------------------------
First Name: Last Name: 
=========================== short test summary info ============================
FAILED Tests/testrunner_search_someone.py::test_network - EOFError: EOF when ...
============================== 1 failed in 0.06s ===============================
